\BOOKMARK [1][-]{section.1}{Introduction}{}% 1
\BOOKMARK [2][-]{subsection.1.1}{Motivation}{section.1}% 2
\BOOKMARK [2][-]{subsection.1.2}{The tackled problem}{section.1}% 3
\BOOKMARK [2][-]{subsection.1.3}{Paper outline}{section.1}% 4
\BOOKMARK [1][-]{section.2}{Related work}{}% 5
\BOOKMARK [2][-]{subsection.2.1}{Text clustering}{section.2}% 6
\BOOKMARK [2][-]{subsection.2.2}{Review analysis}{section.2}% 7
\BOOKMARK [2][-]{subsection.2.3}{Experiments on beer datasets}{section.2}% 8
\BOOKMARK [1][-]{section.3}{Dataset}{}% 9
\BOOKMARK [1][-]{section.4}{Solution description}{}% 10
\BOOKMARK [2][-]{subsection.4.1}{Model overview}{section.4}% 11
\BOOKMARK [2][-]{subsection.4.2}{Theoretical background}{section.4}% 12
\BOOKMARK [3][-]{subsubsection.4.2.1}{Natural language processing}{subsection.4.2}% 13
\BOOKMARK [3][-]{subsubsection.4.2.2}{Clustering}{subsection.4.2}% 14
\BOOKMARK [2][-]{subsection.4.3}{Implementation}{section.4}% 15
\BOOKMARK [3][-]{subsubsection.4.3.1}{Technologies used}{subsection.4.3}% 16
\BOOKMARK [3][-]{subsubsection.4.3.2}{Design}{subsection.4.3}% 17
\BOOKMARK [2][-]{subsection.4.4}{Parameters}{section.4}% 18
\BOOKMARK [1][-]{section.5}{Evaluation}{}% 19
\BOOKMARK [2][-]{subsection.5.1}{Metrics}{section.5}% 20
\BOOKMARK [2][-]{subsection.5.2}{Results}{section.5}% 21
\BOOKMARK [3][-]{subsubsection.5.2.1}{Multi-label classification score}{subsection.5.2}% 22
\BOOKMARK [3][-]{subsubsection.5.2.2}{Heatmap}{subsection.5.2}% 23
\BOOKMARK [3][-]{subsubsection.5.2.3}{Common words per cluster}{subsection.5.2}% 24
\BOOKMARK [1][-]{section.6}{Conclusions}{}% 25
